This is pdfTeX, Version 3.14159265-2.6-1.40.18 (TeX Live 2017) (preloaded format=latex 2017.7.31)  31 JUL 2017 22:02
entering extended mode
 restricted \write18 enabled.
 %&-line parsing enabled.
**minutes.dtx
(./minutes.dtx
LaTeX2e <2017-04-15>
Babel <3.12> and hyphenation patterns for 22 language(s) loaded.
(/usr/local/texlive/2017/texmf-dist/tex/latex/base/ltxdoc.cls
Document Class: ltxdoc 2017/03/13 v2.0v Standard LaTeX documentation class
(/usr/local/texlive/2017/texmf-dist/tex/latex/base/article.cls
Document Class: article 2014/09/29 v1.4h Standard LaTeX document class
(/usr/local/texlive/2017/texmf-dist/tex/latex/base/size10.clo
File: size10.clo 2014/09/29 v1.4h Standard LaTeX file (size option)
)
\c@part=\count79
\c@section=\count80
\c@subsection=\count81
\c@subsubsection=\count82
\c@paragraph=\count83
\c@subparagraph=\count84
\c@figure=\count85
\c@table=\count86
\abovecaptionskip=\skip41
\belowcaptionskip=\skip42
\bibindent=\dimen102
)
(/usr/local/texlive/2017/texmf-dist/tex/latex/base/doc.sty
Package: doc 2016/02/15 v2.1g Standard LaTeX documentation package (FMi)
\c@StandardModuleDepth=\count87
\guard@level=\count88
\MacrocodeTopsep=\skip43
\MacroIndent=\dimen103
\macro@cnt=\count89
\MacroTopsep=\skip44
\index@excludelist=\toks14

(/usr/local/texlive/2017/texmf-dist/tex/latex/tools/multicol.sty
Package: multicol 2017/04/11 v1.8q multicolumn formatting (FMi)
\c@tracingmulticols=\count90
\mult@box=\box26
\multicol@leftmargin=\dimen104
\c@unbalance=\count91
\c@collectmore=\count92
\doublecol@number=\count93
\multicoltolerance=\count94
\multicolpretolerance=\count95
\full@width=\dimen105
\page@free=\dimen106
\premulticols=\dimen107
\postmulticols=\dimen108
\multicolsep=\skip45
\multicolbaselineskip=\skip46
\partial@page=\box27
\last@line=\box28
\maxbalancingoverflow=\dimen109
\mult@rightbox=\box29
\mult@grightbox=\box30
\mult@gfirstbox=\box31
\mult@firstbox=\box32
\@tempa=\box33
\@tempa=\box34
\@tempa=\box35
\@tempa=\box36
\@tempa=\box37
\@tempa=\box38
\@tempa=\box39
\@tempa=\box40
\@tempa=\box41
\@tempa=\box42
\@tempa=\box43
\@tempa=\box44
\@tempa=\box45
\@tempa=\box46
\@tempa=\box47
\@tempa=\box48
\@tempa=\box49
\c@columnbadness=\count96
\c@finalcolumnbadness=\count97
\last@try=\dimen110
\multicolovershoot=\dimen111
\multicolundershoot=\dimen112
\mult@nat@firstbox=\box50
\colbreak@box=\box51
\mc@col@check@num=\count98
)
\IndexMin=\dimen113
\c@IndexColumns=\count99
\GlossaryMin=\dimen114
\c@GlossaryColumns=\count100
\check@sum=\count101
\bslash@cnt=\count102
\wrong@table=\toks15
\c@CodelineNo=\count103
))
(/usr/local/texlive/2017/texmf-dist/tex/latex/hyperref/hyperref.sty
Package: hyperref 2017/03/14 v6.85a Hypertext links for LaTeX

(/usr/local/texlive/2017/texmf-dist/tex/generic/oberdiek/hobsub-hyperref.sty
Package: hobsub-hyperref 2016/05/16 v1.14 Bundle oberdiek, subset hyperref (HO)


(/usr/local/texlive/2017/texmf-dist/tex/generic/oberdiek/hobsub-generic.sty
Package: hobsub-generic 2016/05/16 v1.14 Bundle oberdiek, subset generic (HO)
Package: hobsub 2016/05/16 v1.14 Construct package bundles (HO)
Package: infwarerr 2016/05/16 v1.4 Providing info/warning/error messages (HO)
Package: ltxcmds 2016/05/16 v1.23 LaTeX kernel commands for general use (HO)
Package: ifluatex 2016/05/16 v1.4 Provides the ifluatex switch (HO)
Package ifluatex Info: LuaTeX not detected.
Package: ifvtex 2016/05/16 v1.6 Detect VTeX and its facilities (HO)
Package ifvtex Info: VTeX not detected.
Package: intcalc 2016/05/16 v1.2 Expandable calculations with integers (HO)
Package: ifpdf 2017/03/15 v3.2 Provides the ifpdf switch
Package: etexcmds 2016/05/16 v1.6 Avoid name clashes with e-TeX commands (HO)
Package etexcmds Info: Could not find \expanded.
(etexcmds)             That can mean that you are not using pdfTeX 1.50 or
(etexcmds)             that some package has redefined \expanded.
(etexcmds)             In the latter case, load this package earlier.
Package: kvsetkeys 2016/05/16 v1.17 Key value parser (HO)
Package: kvdefinekeys 2016/05/16 v1.4 Define keys (HO)
Package: pdftexcmds 2017/03/19 v0.25 Utility functions of pdfTeX for LuaTeX (HO
)
Package pdftexcmds Info: LuaTeX not detected.
Package pdftexcmds Info: \pdf@primitive is available.
Package pdftexcmds Info: \pdf@ifprimitive is available.
Package pdftexcmds Info: \pdfdraftmode is ignored in DVI mode.
Package: pdfescape 2016/05/16 v1.14 Implements pdfTeX's escape features (HO)
Package: bigintcalc 2016/05/16 v1.4 Expandable calculations on big integers (HO
)
Package: bitset 2016/05/16 v1.2 Handle bit-vector datatype (HO)
Package: uniquecounter 2016/05/16 v1.3 Provide unlimited unique counter (HO)
)
Package hobsub Info: Skipping package `hobsub' (already loaded).
Package: letltxmacro 2016/05/16 v1.5 Let assignment for LaTeX macros (HO)
Package: hopatch 2016/05/16 v1.3 Wrapper for package hooks (HO)
Package: xcolor-patch 2016/05/16 xcolor patch
Package: atveryend 2016/05/16 v1.9 Hooks at the very end of document (HO)
Package atveryend Info: \enddocument detected (standard20110627).
Package: atbegshi 2016/06/09 v1.18 At begin shipout hook (HO)
Package: refcount 2016/05/16 v3.5 Data extraction from label references (HO)
Package: hycolor 2016/05/16 v1.8 Color options for hyperref/bookmark (HO)
)
(/usr/local/texlive/2017/texmf-dist/tex/latex/graphics/keyval.sty
Package: keyval 2014/10/28 v1.15 key=value parser (DPC)
\KV@toks@=\toks16
)
(/usr/local/texlive/2017/texmf-dist/tex/generic/ifxetex/ifxetex.sty
Package: ifxetex 2010/09/12 v0.6 Provides ifxetex conditional
)
(/usr/local/texlive/2017/texmf-dist/tex/latex/oberdiek/auxhook.sty
Package: auxhook 2016/05/16 v1.4 Hooks for auxiliary files (HO)
)
(/usr/local/texlive/2017/texmf-dist/tex/latex/oberdiek/kvoptions.sty
Package: kvoptions 2016/05/16 v3.12 Key value format for package options (HO)
)
\@linkdim=\dimen115
\Hy@linkcounter=\count104
\Hy@pagecounter=\count105

(/usr/local/texlive/2017/texmf-dist/tex/latex/hyperref/pd1enc.def
File: pd1enc.def 2017/03/14 v6.85a Hyperref: PDFDocEncoding definition (HO)
)
\Hy@SavedSpaceFactor=\count106

(/usr/local/texlive/2017/texmf-dist/tex/latex/latexconfig/hyperref.cfg
File: hyperref.cfg 2002/06/06 v1.2 hyperref configuration of TeXLive
)
Package hyperref Info: Hyper figures OFF on input line 4498.
Package hyperref Info: Link nesting OFF on input line 4503.
Package hyperref Info: Hyper index ON on input line 4506.
Package hyperref Info: Plain pages OFF on input line 4513.
Package hyperref Info: Backreferencing OFF on input line 4518.
Package hyperref Info: Implicit mode ON; LaTeX internals redefined.
Package hyperref Info: Bookmarks ON on input line 4751.
\c@Hy@tempcnt=\count107

(/usr/local/texlive/2017/texmf-dist/tex/latex/url/url.sty
\Urlmuskip=\muskip10
Package: url 2013/09/16  ver 3.4  Verb mode for urls, etc.
)
LaTeX Info: Redefining \url on input line 5104.
\XeTeXLinkMargin=\dimen116
\Fld@menulength=\count108
\Field@Width=\dimen117
\Fld@charsize=\dimen118
Package hyperref Info: Hyper figures OFF on input line 6358.
Package hyperref Info: Link nesting OFF on input line 6363.
Package hyperref Info: Hyper index ON on input line 6366.
Package hyperref Info: backreferencing OFF on input line 6373.
Package hyperref Info: Link coloring OFF on input line 6378.
Package hyperref Info: Link coloring with OCG OFF on input line 6383.
Package hyperref Info: PDF/A mode OFF on input line 6388.
LaTeX Info: Redefining \ref on input line 6428.
LaTeX Info: Redefining \pageref on input line 6432.
\Hy@abspage=\count109
\c@Item=\count110
\c@Hfootnote=\count111
)

Package hyperref Message: Driver (default): hdvips.

(/usr/local/texlive/2017/texmf-dist/tex/latex/hyperref/hdvips.def
File: hdvips.def 2017/03/14 v6.85a Hyperref driver for dvips

(/usr/local/texlive/2017/texmf-dist/tex/latex/hyperref/pdfmark.def
File: pdfmark.def 2017/03/14 v6.85a Hyperref definitions for pdfmark specials
\pdf@docset=\toks17
\pdf@box=\box52
\pdf@toks=\toks18
\pdf@defaulttoks=\toks19
\HyField@AnnotCount=\count112
\Fld@listcount=\count113
\c@bookmark@seq@number=\count114

(/usr/local/texlive/2017/texmf-dist/tex/latex/oberdiek/rerunfilecheck.sty
Package: rerunfilecheck 2016/05/16 v1.8 Rerun checks for auxiliary files (HO)
Package uniquecounter Info: New unique counter `rerunfilecheck' on input line 2
82.
)
\Hy@SectionHShift=\skip47
))
(/usr/local/texlive/2017/texmf-dist/tex/latex/base/makeidx.sty
Package: makeidx 2014/09/29 v1.0m Standard LaTeX package
) (./Overview.tex (./supertabular.sty
Package: supertabular 2004/02/20 v4.1e the supertabular environment
\c@tracingst=\count115
\ST@wd=\dimen119
\ST@rightskip=\skip48
\ST@leftskip=\skip49
\ST@parfillskip=\skip50
\ST@pageleft=\dimen120
\ST@headht=\dimen121
\ST@tailht=\dimen122
\ST@pagesofar=\dimen123
\ST@pboxht=\dimen124
\ST@lineht=\dimen125
\ST@stretchht=\dimen126
\ST@prevht=\dimen127
\ST@toadd=\dimen128
\ST@dimen=\dimen129
\ST@pbox=\box53
)
(/usr/local/texlive/2017/texmf-dist/tex/latex/booktabs/booktabs.sty
Package: booktabs 2016/04/27 v1.618033 publication quality tables
\heavyrulewidth=\dimen130
\lightrulewidth=\dimen131
\cmidrulewidth=\dimen132
\belowrulesep=\dimen133
\belowbottomsep=\dimen134
\aboverulesep=\dimen135
\abovetopsep=\dimen136
\cmidrulesep=\dimen137
\cmidrulekern=\dimen138
\defaultaddspace=\dimen139
\@cmidla=\count116
\@cmidlb=\count117
\@aboverulesep=\dimen140
\@belowrulesep=\dimen141
\@thisruleclass=\count118
\@lastruleclass=\count119
\@thisrulewidth=\dimen142
))
\@indexfile=\write3
\openout3 = `minutes.idx'.


Writing index file minutes.idx
(./minutes.aux)
\openout1 = `minutes.aux'.

LaTeX Font Info:    Checking defaults for OML/cmm/m/it on input line 89.
LaTeX Font Info:    ... okay on input line 89.
LaTeX Font Info:    Checking defaults for T1/cmr/m/n on input line 89.
LaTeX Font Info:    ... okay on input line 89.
LaTeX Font Info:    Checking defaults for OT1/cmr/m/n on input line 89.
LaTeX Font Info:    ... okay on input line 89.
LaTeX Font Info:    Checking defaults for OMS/cmsy/m/n on input line 89.
LaTeX Font Info:    ... okay on input line 89.
LaTeX Font Info:    Checking defaults for OMX/cmex/m/n on input line 89.
LaTeX Font Info:    ... okay on input line 89.
LaTeX Font Info:    Checking defaults for U/cmr/m/n on input line 89.
LaTeX Font Info:    ... okay on input line 89.
LaTeX Font Info:    Checking defaults for PD1/pdf/m/n on input line 89.
LaTeX Font Info:    ... okay on input line 89.
Package doc Info: Made | a short reference for \verb on input line 89.
\AtBeginShipoutBox=\box54
Package hyperref Info: Link coloring OFF on input line 89.

(/usr/local/texlive/2017/texmf-dist/tex/latex/hyperref/nameref.sty
Package: nameref 2016/05/21 v2.44 Cross-referencing by name of section

(/usr/local/texlive/2017/texmf-dist/tex/generic/oberdiek/gettitlestring.sty
Package: gettitlestring 2016/05/16 v1.5 Cleanup title references (HO)
)
\c@section@level=\count120
)
LaTeX Info: Redefining \ref on input line 89.
LaTeX Info: Redefining \pageref on input line 89.
LaTeX Info: Redefining \nameref on input line 89.

(./minutes.out) (./minutes.out)
\@outlinefile=\write4
\openout4 = `minutes.out'.

\@glossaryfile=\write5
\openout5 = `minutes.glo'.


Writing glossary file minutes.glo 
(./minutes.dtx
***************************
* Character table correct *
***************************
LaTeX Font Info:    External font `cmex10' loaded for size
(Font)              <17.28> on input line 110.
LaTeX Font Info:    External font `cmex10' loaded for size
(Font)              <12> on input line 110.
LaTeX Font Info:    External font `cmex10' loaded for size
(Font)              <8> on input line 110.
LaTeX Font Info:    External font `cmex10' loaded for size
(Font)              <6> on input line 110.
LaTeX Font Info:    External font `cmex10' loaded for size
(Font)              <5> on input line 110.
LaTeX Font Info:    Try loading font information for OMS+cmr on input line 120.

(/usr/local/texlive/2017/texmf-dist/tex/latex/base/omscmr.fd
File: omscmr.fd 2014/09/29 v2.5h Standard LaTeX font definitions
)
LaTeX Font Info:    Font shape `OMS/cmr/m/n' in size <9> not available
(Font)              Font shape `OMS/cmsy/m/n' tried instead on input line 120.
 (./minutes.toc
LaTeX Font Info:    External font `cmex10' loaded for size
(Font)              <7> on input line 2.

[1

] [2])
\tf@toc=\write6
\openout6 = `minutes.toc'.



Package hyperref Warning: Token not allowed in a PDF string (PDFDocEncoding):
(hyperref)                removing `\Lpack' on input line 132.

LaTeX Font Info:    Font shape `OMS/cmr/m/n' in size <10> not available
(Font)              Font shape `OMS/cmsy/m/n' tried instead on input line 134.
[3]
Overfull \hbox (9.45023pt too wide) in paragraph at lines 146--146
[] 
 []

[4]
Overfull \hbox (53.7468pt too wide) in paragraph at lines 146--147
[] 
 []

[5] [6]
\c@SampleNo=\count121
 [7] [8]
Overfull \hbox (14.76254pt too wide) in paragraph at lines 445--445
 [][]\OT1/cmtt/m/n/9 \termin{2000/12/24}[20:00]{Bescherung}[Ob meine W\"unsche 
erf\"ullt werden?] 
 []

[9]
Missing character: There is no ü in font cmtt9!
 [10] [11] [12] [13] [14] [15] [16] [17]
Overfull \hbox (18.88754pt too wide) in paragraph at lines 844--847
[]\OT1/cmr/m/n/10 With []\OT1/cmtt/m/n/10 \faketableofcontents \OT1/cmr/m/n/10 
the mini-toc is pos-si-ble with-out a []\OT1/cmtt/m/n/10 \tableofcontents\OT1/c
mr/m/n/10 .
 []

[18] [19] [20] [21] [22]

LaTeX Warning: Marginpar on page 23 moved.


LaTeX Warning: Marginpar on page 23 moved.


LaTeX Warning: Marginpar on page 23 moved.


LaTeX Warning: Marginpar on page 23 moved.


LaTeX Warning: Marginpar on page 23 moved.

[23]

LaTeX Warning: Marginpar on page 24 moved.


LaTeX Warning: Marginpar on page 24 moved.


LaTeX Warning: Marginpar on page 24 moved.

[24] [25]
Overfull \hbox (10.0376pt too wide) in paragraph at lines 1384--1384
 [][]\OT1/cmtt/m/n/9 \immediate\gdef\thesection{(\min@toptext\thechapter.\@Roma
n\c@min@section)} 
 []


LaTeX Warning: Marginpar on page 26 moved.

[26] [27]

LaTeX Warning: Marginpar on page 28 moved.


Overfull \hbox (28.93738pt too wide) in paragraph at lines 1531--1531
 [][]    \OT1/cmtt/m/n/9 (\@bsphack\catcode`{=12\relax\catcode`}=12\relax\csnam
e #1@NOTE\endcsname)% 
 []


LaTeX Warning: Marginpar on page 28 moved.

[28]
LaTeX Font Info:    External font `cmex10' loaded for size
(Font)              <14.4> on input line 1571.

Overfull \hbox (63.88745pt too wide) in paragraph at lines 1604--1611
[]\OT1/cmr/m/n/10 A com-ment of a friend of mine ac-cord-ing small ro-man num-b
ers: \OT1/cmr/m/it/10 Aufz^^?ahlungen/Numerierungen
 []

[29] [30] [31] [32] [33]

Package hyperref Warning: Difference (2) between bookmark levels is greater 
(hyperref)                than one, level fixed on input line 1935.

[34] [35] [36] [37]
Overfull \hbox (2.38838pt too wide) in paragraph at lines 2202--2206
\OT1/cmr/m/n/10 some-body want's to mod-ify it, just set an-other value for []\
OT1/cmtt/m/n/10 \min@responsiblelength\OT1/cmr/m/n/10 .
 []

[38]
Overfull \hbox (19.48749pt too wide) in paragraph at lines 2278--2278
 [][]\OT1/cmtt/m/n/9 \newcommand{\min@scheduleNoStar}{\global\min@scheduleStarf
alse\min@scheduleI} 
 []


Overfull \hbox (5.31265pt too wide) in paragraph at lines 2278--2278
 [][]\OT1/cmtt/m/n/9 \newcommand{\min@scheduleStar}{\global\min@scheduleStartru
e\min@scheduleI} 
 []

[39]
Overfull \hbox (28.93738pt too wide) in paragraph at lines 2330--2330
 [][]    \OT1/cmtt/m/n/9 \begin{list}{}{\setlength{\leftmargin}{1em}\setlength{
\partopsep}{\parsep}} 
 []


Overfull \hbox (57.28705pt too wide) in paragraph at lines 2330--2330
 [][]    \OT1/cmtt/m/n/9 \addcontentsline{\min@file@Cld}{schedule}{\protect\min
@l@schedule{\min@sch@file}% 
 []


Overfull \hbox (57.28705pt too wide) in paragraph at lines 2330--2330
 [][]    \OT1/cmtt/m/n/9 \addcontentsline{\min@file@Cld}{schedule}{\protect\min
@l@schedule{\min@sch@file}% 
 []

LaTeX Font Info:    Font shape `OT1/cmtt/bx/n' in size <12> not available
(Font)              Font shape `OT1/cmtt/m/n' tried instead on input line 2348.

[40]
Overfull \hbox (28.93738pt too wide) in paragraph at lines 2402--2402
 [][]\OT1/cmtt/m/n/9 %%\immediate\write\cld{\expandafter\min@writecal#2/ #3 {#4
}[#4:\noexpand\\ #5]} 
 []

[41] [42] [43] [44] [45] [46]
Overfull \hbox (0.5877pt too wide) in paragraph at lines 2777--2777
 [][]\OT1/cmtt/m/n/9 \def\min@textAbsentExcused{\min@textAbsent\xspace (nieuspr
awiedliwieni)}% 
 []

[47] [48]
*******************
* Checksum passed *
*******************
No file minutes.ind.
No file minutes.gls.
Package atveryend Info: Empty hook `BeforeClearDocument' on input line 2852.
[49]
Package atveryend Info: Empty hook `AfterLastShipout' on input line 2852.
 (./minutes.aux)
Package atveryend Info: Empty hook `AtVeryEndDocument' on input line 2852.
Package atveryend Info: Executing hook `AtEndAfterFileList' on input line 2852.

Package rerunfilecheck Info: File `minutes.out' has not changed.
(rerunfilecheck)             Checksum: 4919E702839F775D114F18636E3E3FF1;3960.
Package atveryend Info: Empty hook `AtVeryVeryEnd' on input line 2852.
 ) ) 
Here is how much of TeX's memory you used:
 5046 strings out of 494433
 74500 string characters out of 6167438
 173611 words of memory out of 5000000
 8363 multiletter control sequences out of 15000+600000
 16010 words of font info for 56 fonts, out of 8000000 for 9000
 319 hyphenation exceptions out of 8191
 30i,8n,33p,262b,580s stack positions out of 5000i,500n,10000p,200000b,80000s

Output written on minutes.dvi (49 pages, 174100 bytes).
