\BOOKMARK [1][-]{section.1}{Some hints for minutes.sty}{}
\BOOKMARK [2][-]{subsection.1.1}{Options}{section.1}
\BOOKMARK [2][-]{subsection.1.2}{Commands}{section.1}
\BOOKMARK [2][-]{subsection.1.3}{Bugs and wishes}{section.1}
\BOOKMARK [1][-]{section.2}{Samples}{}
\BOOKMARK [2][-]{subsection.2.1}{Start a collection of minutes}{section.2}
\BOOKMARK [2][-]{subsection.2.2}{How to write a minutes}{section.2}
\BOOKMARK [3][-]{subsubsection.2.2.1}{Minutes with english macros}{subsection.2.2}
\BOOKMARK [2][-]{subsection.2.3}{Minutes with german commands}{section.2}
\BOOKMARK [2][-]{subsection.2.4}{Minutes with dutch commands}{section.2}
\BOOKMARK [2][-]{subsection.2.5}{Finish the collection of minutes}{section.2}
\BOOKMARK [1][-]{section.3}{Style Guide}{}
\BOOKMARK [1][-]{section.4}{Starting the package}{}
\BOOKMARK [2][-]{subsection.4.1}{Needed Packages}{section.4}
\BOOKMARK [2][-]{subsection.4.2}{Default Settings}{section.4}
\BOOKMARK [2][-]{subsection.4.3}{Definition for table of contents}{section.4}
\BOOKMARK [2][-]{subsection.4.4}{Configuration File}{section.4}
\BOOKMARK [1][-]{section.5}{Defining a Minutes}{}
\BOOKMARK [2][-]{subsection.5.1}{The different Title-Styles}{section.5}
\BOOKMARK [3][-]{subsubsection.5.1.1}{List-like title}{subsection.5.1}
\BOOKMARK [3][-]{subsubsection.5.1.2}{Table-like title}{subsection.5.1}
\BOOKMARK [2][-]{subsection.5.2}{The decision for a title}{section.5}
\BOOKMARK [2][-]{subsection.5.3}{The Minutes-Environment}{section.5}
\BOOKMARK [3][-]{subsubsection.5.3.1}{Start of the environment}{subsection.5.3}
\BOOKMARK [3][-]{subsubsection.5.3.2}{End of the environment}{subsection.5.3}
\BOOKMARK [2][-]{subsection.5.4}{The title of a minutes}{section.5}
\BOOKMARK [2][-]{subsection.5.5}{Signature}{section.5}
\BOOKMARK [2][-]{subsection.5.6}{Compatibility with old version}{section.5}
\BOOKMARK [2][-]{subsection.5.7}{Load a minutes}{section.5}
\BOOKMARK [1][-]{section.6}{Topics and Subtopics}{}
\BOOKMARK [2][-]{subsection.6.1}{Finish and start the columns}{section.6}
\BOOKMARK [1][-]{section.7}{Different versions of minutes \(secret parts\)}{}
\BOOKMARK [2][-]{subsection.7.1}{Secret parts}{section.7}
\BOOKMARK [2][-]{subsection.7.2}{Postscripts}{section.7}
\BOOKMARK [1][-]{section.8}{Non-LaTeX2edocuments}{}
\BOOKMARK [2][-]{subsection.8.1}{Foreign Minutes}{section.8}
\BOOKMARK [2][-]{subsection.8.2}{Attachments}{section.8}
\BOOKMARK [2][-]{subsection.8.3}{Compatibility with old version}{section.8}
\BOOKMARK [1][-]{section.9}{Some Macros for Votes}{}
\BOOKMARK [2][-]{subsubsection.9.0.1}{Old environment/macros}{section.9}
\BOOKMARK [1][-]{section.10}{Decisions}{}
\BOOKMARK [2][-]{subsection.10.1}{Declare decisions}{section.10}
\BOOKMARK [2][-]{subsection.10.2}{Output of the list of decisions}{section.10}
\BOOKMARK [2][-]{subsection.10.3}{Argumentations}{section.10}
\BOOKMARK [1][-]{section.11}{Tasks}{}
\BOOKMARK [2][-]{subsection.11.1}{Output of the list of tasks}{section.11}
\BOOKMARK [1][-]{section.12}{Schedule}{}
\BOOKMARK [2][-]{subsection.12.1}{Commands to prepare cld-File}{section.12}
\BOOKMARK [1][-]{section.13}{Multilingual texts, Support of Babel.sty}{}
\BOOKMARK [2][-]{subsection.13.1}{German commands}{section.13}
\BOOKMARK [2][-]{subsection.13.2}{Dutch commands}{section.13}
\BOOKMARK [2][-]{subsection.13.3}{The texts of minutes.sty}{section.13}
\BOOKMARK [3][-]{subsubsection.13.3.1}{English texts}{subsection.13.3}
\BOOKMARK [3][-]{subsubsection.13.3.2}{Dutch texts}{subsection.13.3}
\BOOKMARK [3][-]{subsubsection.13.3.3}{French texts}{subsection.13.3}
\BOOKMARK [3][-]{subsubsection.13.3.4}{Polish texts}{subsection.13.3}
\BOOKMARK [3][-]{subsubsection.13.3.5}{German text}{subsection.13.3}
\BOOKMARK [1][-]{section.14}{Execute the Options}{}
